<?xml version="1.0" encoding="UTF-8"?>
<testsuite xmlns:xsi="http://www.w3.org/2001/XMLSchema-instance" xsi:noNamespaceSchemaLocation="https://maven.apache.org/surefire/maven-surefire-plugin/xsd/surefire-test-report-3.0.xsd" version="3.0" name="com.dell.glaciation.processors.jsonld.SemantificationTest" time="0.248" tests="1" errors="0" skipped="0" failures="0">
  <properties>
    <property name="java.specification.version" value="21"/>
    <property name="sun.jnu.encoding" value="UTF-8"/>
    <property name="java.class.path" value="/home/parklize/Documents/code/Tools/nifi-2.0.0-M2/custom/jsonld-processor/nifi-jsonld-processors/target/test-classes:/home/parklize/Documents/code/Tools/nifi-2.0.0-M2/custom/jsonld-processor/nifi-jsonld-processors/target/classes:/home/parklize/.m2/repository/org/apache/nifi/nifi-api/2.0.0-M2/nifi-api-2.0.0-M2.jar:/home/parklize/.m2/repository/org/apache/nifi/nifi-utils/2.0.0-M2/nifi-utils-2.0.0-M2.jar:/home/parklize/.m2/repository/org/apache/nifi/nifi-mock/2.0.0-M2/nifi-mock-2.0.0-M2.jar:/home/parklize/.m2/repository/org/apache/nifi/nifi-framework-api/2.0.0-M2/nifi-framework-api-2.0.0-M2.jar:/home/parklize/.m2/repository/org/apache/nifi/nifi-parameter/2.0.0-M2/nifi-parameter-2.0.0-M2.jar:/home/parklize/.m2/repository/org/apache/nifi/nifi-framework-core-api/2.0.0-M2/nifi-framework-core-api-2.0.0-M2.jar:/home/parklize/.m2/repository/org/apache/nifi/nifi-framework-nar-utils/2.0.0-M2/nifi-framework-nar-utils-2.0.0-M2.jar:/home/parklize/.m2/repository/org/apache/nifi/nifi-python-framework-api/2.0.0-M2/nifi-python-framework-api-2.0.0-M2.jar:/home/parklize/.m2/repository/org/apache/nifi/nifi-runtime-manifest-core/2.0.0-M2/nifi-runtime-manifest-core-2.0.0-M2.jar:/home/parklize/.m2/repository/org/apache/nifi/nifi-extension-manifest-model/2.0.0-M2/nifi-extension-manifest-model-2.0.0-M2.jar:/home/parklize/.m2/repository/javax/validation/validation-api/2.0.1.Final/validation-api-2.0.1.Final.jar:/home/parklize/.m2/repository/org/apache/nifi/nifi-extension-manifest-parser/2.0.0-M2/nifi-extension-manifest-parser-2.0.0-M2.jar:/home/parklize/.m2/repository/org/apache/nifi/nifi-client-dto/2.0.0-M2/nifi-client-dto-2.0.0-M2.jar:/home/parklize/.m2/repository/io/swagger/core/v3/swagger-annotations/2.2.20/swagger-annotations-2.2.20.jar:/home/parklize/.m2/repository/org/apache/nifi/c2-protocol-component-api/2.0.0-M2/c2-protocol-component-api-2.0.0-M2.jar:/home/parklize/.m2/repository/org/apache/nifi/nifi-site-to-site-client/2.0.0-M2/nifi-site-to-site-client-2.0.0-M2.jar:/home/parklize/.m2/repository/org/apache/nifi/nifi-security-ssl/2.0.0-M2/nifi-security-ssl-2.0.0-M2.jar:/home/parklize/.m2/repository/org/apache/nifi/nifi-security-cert/2.0.0-M2/nifi-security-cert-2.0.0-M2.jar:/home/parklize/.m2/repository/org/apache/nifi/nifi-xml-processing/2.0.0-M2/nifi-xml-processing-2.0.0-M2.jar:/home/parklize/.m2/repository/org/apache/httpcomponents/httpclient/4.5.14/httpclient-4.5.14.jar:/home/parklize/.m2/repository/org/apache/httpcomponents/httpcore/4.4.16/httpcore-4.4.16.jar:/home/parklize/.m2/repository/org/apache/httpcomponents/httpasyncclient/4.1.5/httpasyncclient-4.1.5.jar:/home/parklize/.m2/repository/org/apache/httpcomponents/httpcore-nio/4.4.15/httpcore-nio-4.4.15.jar:/home/parklize/.m2/repository/org/glassfish/jaxb/jaxb-runtime/4.0.4/jaxb-runtime-4.0.4.jar:/home/parklize/.m2/repository/org/glassfish/jaxb/jaxb-core/4.0.4/jaxb-core-4.0.4.jar:/home/parklize/.m2/repository/org/eclipse/angus/angus-activation/2.0.1/angus-activation-2.0.1.jar:/home/parklize/.m2/repository/org/glassfish/jaxb/txw2/4.0.4/txw2-4.0.4.jar:/home/parklize/.m2/repository/com/sun/istack/istack-commons-runtime/4.1.2/istack-commons-runtime-4.1.2.jar:/home/parklize/.m2/repository/org/apache/commons/commons-lang3/3.14.0/commons-lang3-3.14.0.jar:/home/parklize/.m2/repository/org/apache/nifi/nifi-framework-authorization/2.0.0-M2/nifi-framework-authorization-2.0.0-M2.jar:/home/parklize/.m2/repository/jakarta/xml/bind/jakarta.xml.bind-api/4.0.1/jakarta.xml.bind-api-4.0.1.jar:/home/parklize/.m2/repository/jakarta/activation/jakarta.activation-api/2.1.2/jakarta.activation-api-2.1.2.jar:/home/parklize/.m2/repository/org/apache/nifi/nifi-stateless-api/2.0.0-M2/nifi-stateless-api-2.0.0-M2.jar:/home/parklize/.m2/repository/org/apache/nifi/nifi-expression-language/2.0.0-M2/nifi-expression-language-2.0.0-M2.jar:/home/parklize/.m2/repository/org/antlr/antlr-runtime/3.5.3/antlr-runtime-3.5.3.jar:/home/parklize/.m2/repository/org/apache/nifi/nifi-uuid5/2.0.0-M2/nifi-uuid5-2.0.0-M2.jar:/home/parklize/.m2/repository/com/fasterxml/jackson/core/jackson-databind/2.16.1/jackson-databind-2.16.1.jar:/home/parklize/.m2/repository/com/fasterxml/jackson/core/jackson-annotations/2.16.1/jackson-annotations-2.16.1.jar:/home/parklize/.m2/repository/com/fasterxml/jackson/core/jackson-core/2.16.1/jackson-core-2.16.1.jar:/home/parklize/.m2/repository/org/apache/commons/commons-text/1.11.0/commons-text-1.11.0.jar:/home/parklize/.m2/repository/commons-codec/commons-codec/1.16.0/commons-codec-1.16.0.jar:/home/parklize/.m2/repository/org/apache/nifi/nifi-data-provenance-utils/2.0.0-M2/nifi-data-provenance-utils-2.0.0-M2.jar:/home/parklize/.m2/repository/org/slf4j/slf4j-simple/2.0.11/slf4j-simple-2.0.11.jar:/home/parklize/.m2/repository/org/slf4j/slf4j-api/2.0.11/slf4j-api-2.0.11.jar:/home/parklize/.m2/repository/org/junit/jupiter/junit-jupiter-api/5.10.0/junit-jupiter-api-5.10.0.jar:/home/parklize/.m2/repository/org/opentest4j/opentest4j/1.3.0/opentest4j-1.3.0.jar:/home/parklize/.m2/repository/org/junit/platform/junit-platform-commons/1.10.0/junit-platform-commons-1.10.0.jar:/home/parklize/.m2/repository/org/apiguardian/apiguardian-api/1.1.2/apiguardian-api-1.1.2.jar:/home/parklize/.m2/repository/org/junit/jupiter/junit-jupiter-engine/5.10.0/junit-jupiter-engine-5.10.0.jar:/home/parklize/.m2/repository/org/junit/platform/junit-platform-engine/1.10.0/junit-platform-engine-1.10.0.jar:/home/parklize/.m2/repository/com/jayway/jsonpath/json-path/2.9.0/json-path-2.9.0.jar:/home/parklize/.m2/repository/net/minidev/json-smart/2.5.0/json-smart-2.5.0.jar:/home/parklize/.m2/repository/net/minidev/accessors-smart/2.5.0/accessors-smart-2.5.0.jar:/home/parklize/.m2/repository/org/ow2/asm/asm/9.6/asm-9.6.jar:/home/parklize/.m2/repository/org/apache/jena/jena-rdfpatch/5.0.0/jena-rdfpatch-5.0.0.jar:/home/parklize/.m2/repository/org/apache/jena/jena-arq/5.0.0/jena-arq-5.0.0.jar:/home/parklize/.m2/repository/org/apache/jena/jena-core/5.0.0/jena-core-5.0.0.jar:/home/parklize/.m2/repository/org/apache/jena/jena-base/5.0.0/jena-base-5.0.0.jar:/home/parklize/.m2/repository/org/apache/commons/commons-csv/1.10.0/commons-csv-1.10.0.jar:/home/parklize/.m2/repository/commons-io/commons-io/2.15.1/commons-io-2.15.1.jar:/home/parklize/.m2/repository/org/apache/commons/commons-compress/1.25.0/commons-compress-1.25.0.jar:/home/parklize/.m2/repository/org/apache/commons/commons-collections4/4.4/commons-collections4-4.4.jar:/home/parklize/.m2/repository/com/github/ben-manes/caffeine/caffeine/3.1.8/caffeine-3.1.8.jar:/home/parklize/.m2/repository/org/checkerframework/checker-qual/3.37.0/checker-qual-3.37.0.jar:/home/parklize/.m2/repository/com/google/errorprone/error_prone_annotations/2.21.1/error_prone_annotations-2.21.1.jar:/home/parklize/.m2/repository/com/github/andrewoma/dexx/collection/0.7/collection-0.7.jar:/home/parklize/.m2/repository/org/apache/jena/jena-iri/5.0.0/jena-iri-5.0.0.jar:/home/parklize/.m2/repository/commons-cli/commons-cli/1.6.0/commons-cli-1.6.0.jar:/home/parklize/.m2/repository/org/roaringbitmap/RoaringBitmap/1.0.5/RoaringBitmap-1.0.5.jar:/home/parklize/.m2/repository/com/google/code/gson/gson/2.10.1/gson-2.10.1.jar:/home/parklize/.m2/repository/org/slf4j/jcl-over-slf4j/2.0.11/jcl-over-slf4j-2.0.11.jar:/home/parklize/.m2/repository/com/apicatalog/titanium-json-ld/1.4.0/titanium-json-ld-1.4.0.jar:/home/parklize/.m2/repository/org/glassfish/jakarta.json/2.0.1/jakarta.json-2.0.1.jar:/home/parklize/.m2/repository/com/google/protobuf/protobuf-java/3.25.3/protobuf-java-3.25.3.jar:/home/parklize/.m2/repository/org/apache/thrift/libthrift/0.19.0/libthrift-0.19.0.jar:/home/parklize/.m2/repository/org/apache/jena/jena-shacl/5.0.0/jena-shacl-5.0.0.jar:/home/parklize/.m2/repository/org/apache/jena/jena-shex/5.0.0/jena-shex-5.0.0.jar:/home/parklize/.m2/repository/org/apache/jena/jena-tdb1/5.0.0/jena-tdb1-5.0.0.jar:/home/parklize/.m2/repository/org/apache/jena/jena-tdb2/5.0.0/jena-tdb2-5.0.0.jar:/home/parklize/.m2/repository/org/apache/jena/jena-dboe-storage/5.0.0/jena-dboe-storage-5.0.0.jar:/home/parklize/.m2/repository/org/apache/jena/jena-dboe-trans-data/5.0.0/jena-dboe-trans-data-5.0.0.jar:/home/parklize/.m2/repository/org/apache/jena/jena-dboe-transaction/5.0.0/jena-dboe-transaction-5.0.0.jar:/home/parklize/.m2/repository/org/apache/jena/jena-dboe-base/5.0.0/jena-dboe-base-5.0.0.jar:/home/parklize/.m2/repository/org/apache/jena/jena-dboe-index/5.0.0/jena-dboe-index-5.0.0.jar:/home/parklize/.m2/repository/org/apache/jena/jena-rdfconnection/5.0.0/jena-rdfconnection-5.0.0.jar:/home/parklize/.m2/repository/org/junit/jupiter/junit-jupiter-params/5.10.0/junit-jupiter-params-5.10.0.jar:/home/parklize/.m2/repository/org/mockito/mockito-core/5.8.0/mockito-core-5.8.0.jar:/home/parklize/.m2/repository/net/bytebuddy/byte-buddy/1.14.10/byte-buddy-1.14.10.jar:/home/parklize/.m2/repository/net/bytebuddy/byte-buddy-agent/1.14.10/byte-buddy-agent-1.14.10.jar:/home/parklize/.m2/repository/org/objenesis/objenesis/3.3/objenesis-3.3.jar:/home/parklize/.m2/repository/org/mockito/mockito-junit-jupiter/5.8.0/mockito-junit-jupiter-5.8.0.jar:/home/parklize/.m2/repository/org/hamcrest/hamcrest-all/1.3/hamcrest-all-1.3.jar:"/>
    <property name="java.vm.vendor" value="Oracle Corporation"/>
    <property name="sun.arch.data.model" value="64"/>
    <property name="java.vendor.url" value="https://java.oracle.com/"/>
    <property name="os.name" value="Linux"/>
    <property name="java.vm.specification.version" value="21"/>
    <property name="sun.java.launcher" value="SUN_STANDARD"/>
    <property name="user.country" value="US"/>
    <property name="sun.boot.library.path" value="/usr/lib/jvm/jdk-21-oracle-x64/lib"/>
    <property name="sun.java.command" value="/home/parklize/Documents/code/Tools/nifi-2.0.0-M2/custom/jsonld-processor/nifi-jsonld-processors/target/surefire/surefirebooter-20240527131936153_3.jar /home/parklize/Documents/code/Tools/nifi-2.0.0-M2/custom/jsonld-processor/nifi-jsonld-processors/target/surefire 2024-05-27T13-19-35_988-jvmRun1 surefire-20240527131936153_1tmp surefire_0-20240527131936153_2tmp"/>
    <property name="jdk.debug" value="release"/>
    <property name="surefire.test.class.path" value="/home/parklize/Documents/code/Tools/nifi-2.0.0-M2/custom/jsonld-processor/nifi-jsonld-processors/target/test-classes:/home/parklize/Documents/code/Tools/nifi-2.0.0-M2/custom/jsonld-processor/nifi-jsonld-processors/target/classes:/home/parklize/.m2/repository/org/apache/nifi/nifi-api/2.0.0-M2/nifi-api-2.0.0-M2.jar:/home/parklize/.m2/repository/org/apache/nifi/nifi-utils/2.0.0-M2/nifi-utils-2.0.0-M2.jar:/home/parklize/.m2/repository/org/apache/nifi/nifi-mock/2.0.0-M2/nifi-mock-2.0.0-M2.jar:/home/parklize/.m2/repository/org/apache/nifi/nifi-framework-api/2.0.0-M2/nifi-framework-api-2.0.0-M2.jar:/home/parklize/.m2/repository/org/apache/nifi/nifi-parameter/2.0.0-M2/nifi-parameter-2.0.0-M2.jar:/home/parklize/.m2/repository/org/apache/nifi/nifi-framework-core-api/2.0.0-M2/nifi-framework-core-api-2.0.0-M2.jar:/home/parklize/.m2/repository/org/apache/nifi/nifi-framework-nar-utils/2.0.0-M2/nifi-framework-nar-utils-2.0.0-M2.jar:/home/parklize/.m2/repository/org/apache/nifi/nifi-python-framework-api/2.0.0-M2/nifi-python-framework-api-2.0.0-M2.jar:/home/parklize/.m2/repository/org/apache/nifi/nifi-runtime-manifest-core/2.0.0-M2/nifi-runtime-manifest-core-2.0.0-M2.jar:/home/parklize/.m2/repository/org/apache/nifi/nifi-extension-manifest-model/2.0.0-M2/nifi-extension-manifest-model-2.0.0-M2.jar:/home/parklize/.m2/repository/javax/validation/validation-api/2.0.1.Final/validation-api-2.0.1.Final.jar:/home/parklize/.m2/repository/org/apache/nifi/nifi-extension-manifest-parser/2.0.0-M2/nifi-extension-manifest-parser-2.0.0-M2.jar:/home/parklize/.m2/repository/org/apache/nifi/nifi-client-dto/2.0.0-M2/nifi-client-dto-2.0.0-M2.jar:/home/parklize/.m2/repository/io/swagger/core/v3/swagger-annotations/2.2.20/swagger-annotations-2.2.20.jar:/home/parklize/.m2/repository/org/apache/nifi/c2-protocol-component-api/2.0.0-M2/c2-protocol-component-api-2.0.0-M2.jar:/home/parklize/.m2/repository/org/apache/nifi/nifi-site-to-site-client/2.0.0-M2/nifi-site-to-site-client-2.0.0-M2.jar:/home/parklize/.m2/repository/org/apache/nifi/nifi-security-ssl/2.0.0-M2/nifi-security-ssl-2.0.0-M2.jar:/home/parklize/.m2/repository/org/apache/nifi/nifi-security-cert/2.0.0-M2/nifi-security-cert-2.0.0-M2.jar:/home/parklize/.m2/repository/org/apache/nifi/nifi-xml-processing/2.0.0-M2/nifi-xml-processing-2.0.0-M2.jar:/home/parklize/.m2/repository/org/apache/httpcomponents/httpclient/4.5.14/httpclient-4.5.14.jar:/home/parklize/.m2/repository/org/apache/httpcomponents/httpcore/4.4.16/httpcore-4.4.16.jar:/home/parklize/.m2/repository/org/apache/httpcomponents/httpasyncclient/4.1.5/httpasyncclient-4.1.5.jar:/home/parklize/.m2/repository/org/apache/httpcomponents/httpcore-nio/4.4.15/httpcore-nio-4.4.15.jar:/home/parklize/.m2/repository/org/glassfish/jaxb/jaxb-runtime/4.0.4/jaxb-runtime-4.0.4.jar:/home/parklize/.m2/repository/org/glassfish/jaxb/jaxb-core/4.0.4/jaxb-core-4.0.4.jar:/home/parklize/.m2/repository/org/eclipse/angus/angus-activation/2.0.1/angus-activation-2.0.1.jar:/home/parklize/.m2/repository/org/glassfish/jaxb/txw2/4.0.4/txw2-4.0.4.jar:/home/parklize/.m2/repository/com/sun/istack/istack-commons-runtime/4.1.2/istack-commons-runtime-4.1.2.jar:/home/parklize/.m2/repository/org/apache/commons/commons-lang3/3.14.0/commons-lang3-3.14.0.jar:/home/parklize/.m2/repository/org/apache/nifi/nifi-framework-authorization/2.0.0-M2/nifi-framework-authorization-2.0.0-M2.jar:/home/parklize/.m2/repository/jakarta/xml/bind/jakarta.xml.bind-api/4.0.1/jakarta.xml.bind-api-4.0.1.jar:/home/parklize/.m2/repository/jakarta/activation/jakarta.activation-api/2.1.2/jakarta.activation-api-2.1.2.jar:/home/parklize/.m2/repository/org/apache/nifi/nifi-stateless-api/2.0.0-M2/nifi-stateless-api-2.0.0-M2.jar:/home/parklize/.m2/repository/org/apache/nifi/nifi-expression-language/2.0.0-M2/nifi-expression-language-2.0.0-M2.jar:/home/parklize/.m2/repository/org/antlr/antlr-runtime/3.5.3/antlr-runtime-3.5.3.jar:/home/parklize/.m2/repository/org/apache/nifi/nifi-uuid5/2.0.0-M2/nifi-uuid5-2.0.0-M2.jar:/home/parklize/.m2/repository/com/fasterxml/jackson/core/jackson-databind/2.16.1/jackson-databind-2.16.1.jar:/home/parklize/.m2/repository/com/fasterxml/jackson/core/jackson-annotations/2.16.1/jackson-annotations-2.16.1.jar:/home/parklize/.m2/repository/com/fasterxml/jackson/core/jackson-core/2.16.1/jackson-core-2.16.1.jar:/home/parklize/.m2/repository/org/apache/commons/commons-text/1.11.0/commons-text-1.11.0.jar:/home/parklize/.m2/repository/commons-codec/commons-codec/1.16.0/commons-codec-1.16.0.jar:/home/parklize/.m2/repository/org/apache/nifi/nifi-data-provenance-utils/2.0.0-M2/nifi-data-provenance-utils-2.0.0-M2.jar:/home/parklize/.m2/repository/org/slf4j/slf4j-simple/2.0.11/slf4j-simple-2.0.11.jar:/home/parklize/.m2/repository/org/slf4j/slf4j-api/2.0.11/slf4j-api-2.0.11.jar:/home/parklize/.m2/repository/org/junit/jupiter/junit-jupiter-api/5.10.0/junit-jupiter-api-5.10.0.jar:/home/parklize/.m2/repository/org/opentest4j/opentest4j/1.3.0/opentest4j-1.3.0.jar:/home/parklize/.m2/repository/org/junit/platform/junit-platform-commons/1.10.0/junit-platform-commons-1.10.0.jar:/home/parklize/.m2/repository/org/apiguardian/apiguardian-api/1.1.2/apiguardian-api-1.1.2.jar:/home/parklize/.m2/repository/org/junit/jupiter/junit-jupiter-engine/5.10.0/junit-jupiter-engine-5.10.0.jar:/home/parklize/.m2/repository/org/junit/platform/junit-platform-engine/1.10.0/junit-platform-engine-1.10.0.jar:/home/parklize/.m2/repository/com/jayway/jsonpath/json-path/2.9.0/json-path-2.9.0.jar:/home/parklize/.m2/repository/net/minidev/json-smart/2.5.0/json-smart-2.5.0.jar:/home/parklize/.m2/repository/net/minidev/accessors-smart/2.5.0/accessors-smart-2.5.0.jar:/home/parklize/.m2/repository/org/ow2/asm/asm/9.6/asm-9.6.jar:/home/parklize/.m2/repository/org/apache/jena/jena-rdfpatch/5.0.0/jena-rdfpatch-5.0.0.jar:/home/parklize/.m2/repository/org/apache/jena/jena-arq/5.0.0/jena-arq-5.0.0.jar:/home/parklize/.m2/repository/org/apache/jena/jena-core/5.0.0/jena-core-5.0.0.jar:/home/parklize/.m2/repository/org/apache/jena/jena-base/5.0.0/jena-base-5.0.0.jar:/home/parklize/.m2/repository/org/apache/commons/commons-csv/1.10.0/commons-csv-1.10.0.jar:/home/parklize/.m2/repository/commons-io/commons-io/2.15.1/commons-io-2.15.1.jar:/home/parklize/.m2/repository/org/apache/commons/commons-compress/1.25.0/commons-compress-1.25.0.jar:/home/parklize/.m2/repository/org/apache/commons/commons-collections4/4.4/commons-collections4-4.4.jar:/home/parklize/.m2/repository/com/github/ben-manes/caffeine/caffeine/3.1.8/caffeine-3.1.8.jar:/home/parklize/.m2/repository/org/checkerframework/checker-qual/3.37.0/checker-qual-3.37.0.jar:/home/parklize/.m2/repository/com/google/errorprone/error_prone_annotations/2.21.1/error_prone_annotations-2.21.1.jar:/home/parklize/.m2/repository/com/github/andrewoma/dexx/collection/0.7/collection-0.7.jar:/home/parklize/.m2/repository/org/apache/jena/jena-iri/5.0.0/jena-iri-5.0.0.jar:/home/parklize/.m2/repository/commons-cli/commons-cli/1.6.0/commons-cli-1.6.0.jar:/home/parklize/.m2/repository/org/roaringbitmap/RoaringBitmap/1.0.5/RoaringBitmap-1.0.5.jar:/home/parklize/.m2/repository/com/google/code/gson/gson/2.10.1/gson-2.10.1.jar:/home/parklize/.m2/repository/org/slf4j/jcl-over-slf4j/2.0.11/jcl-over-slf4j-2.0.11.jar:/home/parklize/.m2/repository/com/apicatalog/titanium-json-ld/1.4.0/titanium-json-ld-1.4.0.jar:/home/parklize/.m2/repository/org/glassfish/jakarta.json/2.0.1/jakarta.json-2.0.1.jar:/home/parklize/.m2/repository/com/google/protobuf/protobuf-java/3.25.3/protobuf-java-3.25.3.jar:/home/parklize/.m2/repository/org/apache/thrift/libthrift/0.19.0/libthrift-0.19.0.jar:/home/parklize/.m2/repository/org/apache/jena/jena-shacl/5.0.0/jena-shacl-5.0.0.jar:/home/parklize/.m2/repository/org/apache/jena/jena-shex/5.0.0/jena-shex-5.0.0.jar:/home/parklize/.m2/repository/org/apache/jena/jena-tdb1/5.0.0/jena-tdb1-5.0.0.jar:/home/parklize/.m2/repository/org/apache/jena/jena-tdb2/5.0.0/jena-tdb2-5.0.0.jar:/home/parklize/.m2/repository/org/apache/jena/jena-dboe-storage/5.0.0/jena-dboe-storage-5.0.0.jar:/home/parklize/.m2/repository/org/apache/jena/jena-dboe-trans-data/5.0.0/jena-dboe-trans-data-5.0.0.jar:/home/parklize/.m2/repository/org/apache/jena/jena-dboe-transaction/5.0.0/jena-dboe-transaction-5.0.0.jar:/home/parklize/.m2/repository/org/apache/jena/jena-dboe-base/5.0.0/jena-dboe-base-5.0.0.jar:/home/parklize/.m2/repository/org/apache/jena/jena-dboe-index/5.0.0/jena-dboe-index-5.0.0.jar:/home/parklize/.m2/repository/org/apache/jena/jena-rdfconnection/5.0.0/jena-rdfconnection-5.0.0.jar:/home/parklize/.m2/repository/org/junit/jupiter/junit-jupiter-params/5.10.0/junit-jupiter-params-5.10.0.jar:/home/parklize/.m2/repository/org/mockito/mockito-core/5.8.0/mockito-core-5.8.0.jar:/home/parklize/.m2/repository/net/bytebuddy/byte-buddy/1.14.10/byte-buddy-1.14.10.jar:/home/parklize/.m2/repository/net/bytebuddy/byte-buddy-agent/1.14.10/byte-buddy-agent-1.14.10.jar:/home/parklize/.m2/repository/org/objenesis/objenesis/3.3/objenesis-3.3.jar:/home/parklize/.m2/repository/org/mockito/mockito-junit-jupiter/5.8.0/mockito-junit-jupiter-5.8.0.jar:/home/parklize/.m2/repository/org/hamcrest/hamcrest-all/1.3/hamcrest-all-1.3.jar:"/>
    <property name="sun.cpu.endian" value="little"/>
    <property name="user.home" value="/home/parklize"/>
    <property name="user.language" value="en"/>
    <property name="java.specification.vendor" value="Oracle Corporation"/>
    <property name="java.version.date" value="2024-01-16"/>
    <property name="java.home" value="/usr/lib/jvm/jdk-21-oracle-x64"/>
    <property name="file.separator" value="/"/>
    <property name="basedir" value="/home/parklize/Documents/code/Tools/nifi-2.0.0-M2/custom/jsonld-processor/nifi-jsonld-processors"/>
    <property name="java.vm.compressedOopsMode" value="32-bit"/>
    <property name="line.separator" value="&#10;"/>
    <property name="java.specification.name" value="Java Platform API Specification"/>
    <property name="java.vm.specification.vendor" value="Oracle Corporation"/>
    <property name="java.awt.headless" value="true"/>
    <property name="surefire.real.class.path" value="/home/parklize/Documents/code/Tools/nifi-2.0.0-M2/custom/jsonld-processor/nifi-jsonld-processors/target/surefire/surefirebooter-20240527131936153_3.jar"/>
    <property name="sun.management.compiler" value="HotSpot 64-Bit Tiered Compilers"/>
    <property name="java.runtime.version" value="21.0.2+13-LTS-58"/>
    <property name="user.name" value="parklize"/>
    <property name="stdout.encoding" value="UTF-8"/>
    <property name="path.separator" value=":"/>
    <property name="os.version" value="5.15.0-107-generic"/>
    <property name="java.runtime.name" value="Java(TM) SE Runtime Environment"/>
    <property name="file.encoding" value="UTF-8"/>
    <property name="java.vm.name" value="Java HotSpot(TM) 64-Bit Server VM"/>
    <property name="localRepository" value="/home/parklize/.m2/repository"/>
    <property name="java.vendor.url.bug" value="https://bugreport.java.com/bugreport/"/>
    <property name="java.io.tmpdir" value="/tmp"/>
    <property name="java.version" value="21.0.2"/>
    <property name="user.dir" value="/home/parklize/Documents/code/Tools/nifi-2.0.0-M2/custom/jsonld-processor/nifi-jsonld-processors"/>
    <property name="os.arch" value="amd64"/>
    <property name="java.vm.specification.name" value="Java Virtual Machine Specification"/>
    <property name="native.encoding" value="UTF-8"/>
    <property name="java.library.path" value="/usr/java/packages/lib:/usr/lib64:/lib64:/lib:/usr/lib"/>
    <property name="java.vm.info" value="mixed mode, sharing"/>
    <property name="stderr.encoding" value="UTF-8"/>
    <property name="java.vendor" value="Oracle Corporation"/>
    <property name="java.vm.version" value="21.0.2+13-LTS-58"/>
    <property name="sun.io.unicode.encoding" value="UnicodeLittle"/>
    <property name="java.class.version" value="65.0"/>
  </properties>
  <testcase name="testProcessor" classname="com.dell.glaciation.processors.jsonld.SemantificationTest" time="0.195"/>
</testsuite>